[0m
[0m [0m [0m [0m [0m [0m [0m [0m [0m [0m [0m [0m [0m [0m [0m [0m [0m [0m [0m [0m [0m [0m [0m [0m [0m [0m [0m [0m [0m [0m [0m [0m [0m [0m [0m [0m [0m [0m [0m [0m [0m [0m [0m [0m [0m [0m [0m [0m [0m [0m [0m [0m [0m [0m [0m [0m [0m [0m [0m [48;5;255m [48;5;255m [0m [0m [0m [0m [0m [0m [0m [0m [0m [0m [0m [0m
[0m [0m [0m [0m [0m [0m [0m [0m [0m [0m [0m [0m [0m [0m [0m [0m [0m [0m [0m [0m [0m [0m [0m [0m [0m [0m [0m [0m [0m [0m [0m [0m [0m [0m [0m [0m [0m [0m [0m [0m [0m [0m [0m [0m [0m [0m [0m [0m [0m [0m [0m [0m [0m [0m [0m [0m [0m [0m [0m [48;5;255m [48;5;255m [0m [0m [0m [0m [0m [0m [0m [0m [0m [0m [0m [0m
[0m [0m [0m [0m [0m [0m [0m [0m [0m [0m [0m [0m [0m [0m [0m [0m [0m [0m [0m [0m [0m [0m [0m [0m [0m [0m [0m [0m [0m [0m [0m [0m [0m [0m [0m [0m [0m [0m [0m [0m [0m [0m [0m [0m [0m [0m [0m [0m [0m [0m [0m [0m [0m [0m [0m [0m [0m [0m [0m [48;5;255m [48;5;255m [0m [0m [0m [0m [0m [0m [0m [0m [0m [0m [0m [0m
[48;5;255m [48;5;255m [48;5;255m [48;5;255m [48;5;255m [48;5;255m [48;5;255m [0m [0m [48;5;255m [48;5;255m [48;5;255m [48;5;255m [48;5;255m [48;5;255m [48;5;255m [48;5;255m [0m [0m [48;5;255m [48;5;255m [48;5;255m [48;5;255m [48;5;255m [48;5;255m [48;5;255m [48;5;255m [48;5;255m [48;5;255m [48;5;255m [48;5;255m [0m [0m [48;5;255m [48;5;255m [48;5;255m [48;5;255m [48;5;255m [48;5;255m [48;5;255m [48;5;255m [0m [0m [48;5;255m [48;5;255m [48;5;255m [48;5;255m [48;5;255m [48;5;255m [48;5;255m [48;5;255m [0m [0m [48;5;255m [48;5;255m [48;5;255m [48;5;255m [48;5;255m [48;5;255m [48;5;255m [48;5;255m [0m [0m [48;5;255m [48;5;255m [48;5;255m [48;5;255m [48;5;255m [48;5;255m [48;5;255m [48;5;255m [0m [0m [48;5;255m [48;5;255m [48;5;255m [48;5;255m [48;5;255m [48;5;255m [48;5;255m [48;5;255m [0m
[48;5;255m [48;5;255m [0m [0m [0m [0m [0m [0m [0m [48;5;255m [48;5;255m [0m [0m [0m [0m [48;5;255m [48;5;255m [0m [0m [48;5;255m [48;5;255m [0m [0m [0m [48;5;255m [48;5;255m [0m [0m [0m [48;5;255m [48;5;255m [0m [0m [48;5;255m [48;5;255m [0m [0m [0m [0m [48;5;255m [48;5;255m [0m [0m [48;5;255m [48;5;255m [0m [0m [0m [0m [48;5;255m [48;5;255m [0m [0m [48;5;255m [48;5;255m [0m [0m [0m [0m [48;5;255m [48;5;255m [0m [0m [48;5;255m [48;5;255m [0m [0m [0m [0m [48;5;255m [48;5;255m [0m [0m [48;5;255m [48;5;255m [0m
[48;5;255m [48;5;255m [0m [0m [0m [0m [0m [0m [0m [48;5;255m [48;5;255m [0m [0m [0m [0m [48;5;255m [48;5;255m [0m [0m [48;5;255m [48;5;255m [0m [0m [0m [48;5;255m [48;5;255m [0m [0m [0m [48;5;255m [48;5;255m [0m [0m [48;5;255m [48;5;255m [0m [0m [0m [0m [48;5;255m [48;5;255m [0m [0m [48;5;255m [48;5;255m [0m [0m [0m [0m [48;5;255m [48;5;255m [0m [0m [48;5;255m [48;5;255m [0m [0m [0m [0m [48;5;255m [48;5;255m [0m [0m [48;5;255m [48;5;255m [0m [0m [0m [0m [48;5;255m [48;5;255m [0m [0m [48;5;255m [48;5;255m [0m
[48;5;255m [48;5;255m [0m [0m [0m [0m [0m [0m [0m [48;5;255m [48;5;255m [0m [0m [0m [0m [48;5;255m [48;5;255m [0m [0m [48;5;255m [48;5;255m [0m [0m [0m [48;5;255m [48;5;255m [0m [0m [0m [48;5;255m [48;5;255m [0m [0m [48;5;255m [48;5;255m [0m [0m [0m [0m [48;5;255m [48;5;255m [0m [0m [48;5;255m [48;5;255m [0m [0m [0m [0m [48;5;255m [48;5;255m [0m [0m [48;5;255m [48;5;255m [0m [0m [0m [0m [48;5;255m [48;5;255m [0m [0m [48;5;255m [48;5;255m [0m [0m [0m [0m [48;5;255m [48;5;255m [0m [0m [48;5;255m [48;5;255m [0m
[48;5;255m [48;5;255m [48;5;255m [48;5;255m [48;5;255m [48;5;255m [48;5;255m [0m [0m [48;5;255m [48;5;255m [48;5;255m [48;5;255m [48;5;255m [48;5;255m [48;5;255m [48;5;255m [0m [0m [48;5;255m [48;5;255m [0m [0m [0m [48;5;255m [48;5;255m [0m [0m [0m [48;5;255m [48;5;255m [0m [0m [48;5;255m [48;5;255m [48;5;255m [48;5;255m [48;5;255m [48;5;255m [48;5;255m [48;5;255m [0m [0m [48;5;255m [48;5;255m [48;5;255m [48;5;255m [48;5;255m [48;5;255m [48;5;255m [48;5;255m [0m [0m [48;5;255m [48;5;255m [48;5;255m [48;5;255m [48;5;255m [48;5;255m [48;5;255m [48;5;255m [0m [0m [48;5;255m [48;5;255m [48;5;255m [48;5;255m [48;5;255m [48;5;255m [48;5;255m [48;5;255m [0m [0m [48;5;255m [48;5;255m [48;5;255m [48;5;255m [48;5;255m [48;5;255m [48;5;255m [48;5;255m [0m
[0m [0m [0m [0m [0m [0m [0m [0m [0m [0m [0m [0m [0m [0m [0m [0m [0m [0m [0m [0m [0m [0m [0m [0m [0m [0m [0m [0m [0m [0m [0m [0m [0m [48;5;255m [48;5;255m [0m [0m [0m [0m [0m [0m [0m [0m [0m [0m [0m [0m
[0m [0m [0m [0m [0m [0m [0m [0m [0m [0m [0m [0m [0m [0m [0m [0m [0m [0m [0m [0m [0m [0m [0m [0m [0m [0m [0m [0m [0m [0m [0m [0m [0m [48;5;255m [48;5;255m [0m [0m [0m [0m [0m [0m [0m [0m [0m [0m [0m [0m
[0m [0m [0m [0m [0m [0m [0m [0m [0m [0m [0m [0m [0m [0m [0m [0m [0m [0m [0m [0m [0m [0m [0m [0m [0m [0m [0m [0m [0m [0m [0m [0m [0m [48;5;255m [48;5;255m [0m [0m [0m [0m [0m [0m [0m [0m [0m [0m [0m [0m

1.1.11

TypeScript version used by Compodoc : 2.9.1

TypeScript version of current project : 4.2.3

Node.js version : v16.3.0

Operating system : Linux 5.4

[18:35:08] No configuration file found, switching to CLI flags.
[18:35:08] Using tsconfig file : /home/gabriel/Frameworks/frameworks-voting/frameworks-voting/tsconfig.json
[18:35:08] Including      : /home/gabriel/Frameworks/frameworks-voting/frameworks-voting/.browserslistrc
[18:35:08] Including      : /home/gabriel/Frameworks/frameworks-voting/frameworks-voting/.editorconfig
[18:35:08] Including      : /home/gabriel/Frameworks/frameworks-voting/frameworks-voting/.gitignore
[18:35:08] Including      : /home/gabriel/Frameworks/frameworks-voting/frameworks-voting/README.md
[18:35:08] Including      : /home/gabriel/Frameworks/frameworks-voting/frameworks-voting/angular.json
[18:35:08] Including      : /home/gabriel/Frameworks/frameworks-voting/frameworks-voting/build-storybook.log
[18:35:08] Including      : /home/gabriel/Frameworks/frameworks-voting/frameworks-voting/documentation.json
[18:35:08] Including      : /home/gabriel/Frameworks/frameworks-voting/frameworks-voting/karma.conf.js
[18:35:08] Including      : /home/gabriel/Frameworks/frameworks-voting/frameworks-voting/package-lock.json
[18:35:08] Including      : /home/gabriel/Frameworks/frameworks-voting/frameworks-voting/package.json
[18:35:08] Including      : /home/gabriel/Frameworks/frameworks-voting/frameworks-voting/tsconfig.app.json
[18:35:08] Including      : /home/gabriel/Frameworks/frameworks-voting/frameworks-voting/tsconfig.json
[18:35:08] Including      : /home/gabriel/Frameworks/frameworks-voting/frameworks-voting/tsconfig.spec.json
[18:35:08] Including      : /home/gabriel/Frameworks/frameworks-voting/frameworks-voting/.storybook/main.js
[18:35:08] Including      : /home/gabriel/Frameworks/frameworks-voting/frameworks-voting/.storybook/preview.js
[18:35:08] Including      : /home/gabriel/Frameworks/frameworks-voting/frameworks-voting/.storybook/tsconfig.json
[18:35:08] Ignoring       : /home/gabriel/Frameworks/frameworks-voting/frameworks-voting/.storybook/typings.d.ts
[18:35:08] Including      : /home/gabriel/Frameworks/frameworks-voting/frameworks-voting/src/favicon.ico
[18:35:08] Including      : /home/gabriel/Frameworks/frameworks-voting/frameworks-voting/src/index.html
[18:35:08] Including      : /home/gabriel/Frameworks/frameworks-voting/frameworks-voting/src/main.ts
[18:35:08] Including      : /home/gabriel/Frameworks/frameworks-voting/frameworks-voting/src/polyfills.ts
[18:35:08] Including      : /home/gabriel/Frameworks/frameworks-voting/frameworks-voting/src/styles.css
[18:35:08] Including      : /home/gabriel/Frameworks/frameworks-voting/frameworks-voting/src/test.ts
[18:35:08] Including      : /home/gabriel/Frameworks/frameworks-voting/frameworks-voting/src/app/app-routing.module.ts
[18:35:08] Including      : /home/gabriel/Frameworks/frameworks-voting/frameworks-voting/src/app/app.component.css
[18:35:08] Including      : /home/gabriel/Frameworks/frameworks-voting/frameworks-voting/src/app/app.component.html
[18:35:08] Ignoring       : /home/gabriel/Frameworks/frameworks-voting/frameworks-voting/src/app/app.component.spec.ts
[18:35:08] Including      : /home/gabriel/Frameworks/frameworks-voting/frameworks-voting/src/app/app.component.ts
[18:35:08] Including      : /home/gabriel/Frameworks/frameworks-voting/frameworks-voting/src/app/app.module.ts
[18:35:08] Including      : /home/gabriel/Frameworks/frameworks-voting/frameworks-voting/src/assets/.gitkeep
[18:35:08] Including      : /home/gabriel/Frameworks/frameworks-voting/frameworks-voting/src/environments/environment.prod.ts
[18:35:08] Including      : /home/gabriel/Frameworks/frameworks-voting/frameworks-voting/src/environments/environment.ts
[18:35:08] Including      : /home/gabriel/Frameworks/frameworks-voting/frameworks-voting/src/stories/App.component.ts
[18:35:08] Including      : /home/gabriel/Frameworks/frameworks-voting/frameworks-voting/src/stories/App.stories.ts
[18:35:08] Including      : /home/gabriel/Frameworks/frameworks-voting/frameworks-voting/src/stories/Booth.component.ts
[18:35:08] Including      : /home/gabriel/Frameworks/frameworks-voting/frameworks-voting/src/stories/Booth.stories.ts
[18:35:08] Including      : /home/gabriel/Frameworks/frameworks-voting/frameworks-voting/src/stories/Data.service.ts
[18:35:08] Including      : /home/gabriel/Frameworks/frameworks-voting/frameworks-voting/src/stories/Form.component.ts
[18:35:08] Including      : /home/gabriel/Frameworks/frameworks-voting/frameworks-voting/src/stories/Form.stories.ts
[18:35:08] Including      : /home/gabriel/Frameworks/frameworks-voting/frameworks-voting/src/stories/Results.component.ts
[18:35:08] Including      : /home/gabriel/Frameworks/frameworks-voting/frameworks-voting/src/stories/Results.stories.ts
[18:35:08] Including      : /home/gabriel/Frameworks/frameworks-voting/frameworks-voting/src/stories/VotingCard.component.ts
[18:35:08] Including      : /home/gabriel/Frameworks/frameworks-voting/frameworks-voting/src/stories/VotingCard.stories.ts
[18:35:08] Searching package.json file
[18:35:08] package.json file found
[18:35:08] Processing package.json dependencies
[18:35:08] Searching README.md, CHANGELOG.md, CONTRIBUTING.md, LICENSE.md, TODO.md files
[18:35:08] README.md file found
[18:35:08] Error during /home/gabriel/Frameworks/frameworks-voting/frameworks-voting/CHANGELOG read
[18:35:08] Continuing without CHANGELOG.md file
[18:35:08] Error during /home/gabriel/Frameworks/frameworks-voting/frameworks-voting/CONTRIBUTING read
[18:35:08] Continuing without CONTRIBUTING.md file
[18:35:08] Error during /home/gabriel/Frameworks/frameworks-voting/frameworks-voting/LICENSE read
[18:35:08] Continuing without LICENSE.md file
[18:35:08] Error during /home/gabriel/Frameworks/frameworks-voting/frameworks-voting/TODO read
[18:35:08] Continuing without TODO.md file
[18:35:08] Get dependencies data
[18:35:08] parsing        : /home/gabriel/Frameworks/frameworks-voting/frameworks-voting/src/main.ts
[18:35:08] parsing        : /home/gabriel/Frameworks/frameworks-voting/frameworks-voting/src/polyfills.ts
[18:35:08] parsing        : /home/gabriel/Frameworks/frameworks-voting/frameworks-voting/src/test.ts
[18:35:08] parsing        : /home/gabriel/Frameworks/frameworks-voting/frameworks-voting/src/app/app-routing.module.ts
[18:35:08] Analysing routes definitions and clean them if necessary
[18:35:08] found          : AppRoutingModule
[18:35:08]                : - imports:
[18:35:08]                : 	- RouterModule
[18:35:08]                : - exports:
[18:35:08]                : 	- RouterModule
[18:35:08] parsing        : /home/gabriel/Frameworks/frameworks-voting/frameworks-voting/src/app/app.component.ts
[18:35:08] found          : AppComponent
[18:35:08] parsing        : /home/gabriel/Frameworks/frameworks-voting/frameworks-voting/src/app/app.module.ts
[18:35:08] found          : AppModule
[18:35:08]                : - imports:
[18:35:08]                : 	- BrowserModule
[18:35:08]                : 	- AppRoutingModule
[18:35:08]                : - declarations:
[18:35:08]                : 	- AppComponent
[18:35:08]                : - bootstrap:
[18:35:08]                : 	- AppComponent
[18:35:08] parsing        : /home/gabriel/Frameworks/frameworks-voting/frameworks-voting/src/environments/environment.prod.ts
[18:35:08] parsing        : /home/gabriel/Frameworks/frameworks-voting/frameworks-voting/src/environments/environment.ts
[18:35:08] parsing        : /home/gabriel/Frameworks/frameworks-voting/frameworks-voting/src/stories/App.component.ts
[18:35:08] found          : AppComponent
[18:35:08] parsing        : /home/gabriel/Frameworks/frameworks-voting/frameworks-voting/src/stories/App.stories.ts
[18:35:08] parsing        : /home/gabriel/Frameworks/frameworks-voting/frameworks-voting/src/stories/Booth.component.ts
[18:35:08] found          : BoothComponent
[18:35:08] parsing        : /home/gabriel/Frameworks/frameworks-voting/frameworks-voting/src/stories/Booth.stories.ts
[18:35:08] parsing        : /home/gabriel/Frameworks/frameworks-voting/frameworks-voting/src/stories/Data.service.ts
[18:35:08] found          : DataService
[18:35:08] parsing        : /home/gabriel/Frameworks/frameworks-voting/frameworks-voting/src/stories/Form.component.ts
[18:35:08] found          : FormComponent
[18:35:08] parsing        : /home/gabriel/Frameworks/frameworks-voting/frameworks-voting/src/stories/Form.stories.ts
[18:35:08] parsing        : /home/gabriel/Frameworks/frameworks-voting/frameworks-voting/src/stories/Results.component.ts
[18:35:08] found          : ResultsComponent
[18:35:08] parsing        : /home/gabriel/Frameworks/frameworks-voting/frameworks-voting/src/stories/Results.stories.ts
[18:35:08] parsing        : /home/gabriel/Frameworks/frameworks-voting/frameworks-voting/src/stories/VotingCard.component.ts
[18:35:08] found          : VotingCardComponent
[18:35:08] parsing        : /home/gabriel/Frameworks/frameworks-voting/frameworks-voting/src/stories/VotingCard.stories.ts
[18:35:08] -------------------
[18:35:08] Project statistics 
[18:35:08] - files      : 41
[18:35:08] - module     : 2
[18:35:08] - component  : 6
[18:35:08] - injectable : 1
[18:35:08] -------------------
[18:35:08] Prepare components
[18:35:08]  AppComponent has a templateUrl, include it
[18:35:08]  AppComponent has styleUrls, include them
[18:35:08] Prepare modules
[18:35:08] Prepare injectables
[18:35:08] Process routes
[18:35:08] Prepare miscellaneous
[18:35:08] Process documentation coverage report
[18:35:08] Generating documentation in export format json
[18:35:08] Documentation generated in ./ in 0.178 seconds
info @storybook/angular v6.3.2
info 
info => Cleaning outputDir: /tmp/chromatic--28984-hh9FkeeuT0qB
info => Loading presets
(node:29062) [DEP0148] DeprecationWarning: Use of deprecated folder mapping "./" in the "exports" field module resolution of the package at /home/gabriel/Frameworks/frameworks-voting/frameworks-voting/node_modules/tslib/package.json.
Update this package.json to use a subpath pattern like "./*".
(Use `node --trace-deprecation ...` to show where the warning was created)
info => Compiling preview..
info => Loading 1 config file in "/home/gabriel/Frameworks/frameworks-voting/frameworks-voting/.storybook"
info => Loading 9 other files in "/home/gabriel/Frameworks/frameworks-voting/frameworks-voting/.storybook"
info => Adding stories defined in "/home/gabriel/Frameworks/frameworks-voting/frameworks-voting/.storybook/main.js"
info => Found custom tsconfig.json
info => Using implicit CSS loaders
info => Loading angular-cli config
info => Using angular project "frameworks-voting:build" for configuring Storybook
info => Using angular-cli webpack config
info => Using default Webpack5 setup
<s> [webpack.Progress] 0% 

<s> [webpack.Progress] 1% setup initialize
<s> [webpack.Progress] 1% setup initialize HtmlWebpackPlugin
<s> [webpack.Progress] 1% setup initialize
<s> [webpack.Progress] 2% setup before run
<s> [webpack.Progress] 2% setup before run NodeEnvironmentPlugin
<s> [webpack.Progress] 2% setup before run
<s> [webpack.Progress] 3% setup run
<s> [webpack.Progress] 3% setup run fork-ts-checker-webpack-plugin
<s> [webpack.Progress] 3% setup run
<s> [webpack.Progress] 4% setup normal module factory
<s> [webpack.Progress] 4% setup normal module factory CaseSensitivePathsPlugin
<s> [webpack.Progress] 4% setup normal module factory
<s> [webpack.Progress] 5% setup context module factory
<s> [webpack.Progress] 5% setup context module factory ContextReplacementPlugin
<s> [webpack.Progress] 5% setup context module factory ContextReplacementPlugin
<s> [webpack.Progress] 5% setup context module factory
<s> [webpack.Progress] 6% setup before compile
<s> [webpack.Progress] 6% setup before compile ProgressPlugin
<s> [webpack.Progress] 6% setup before compile
<s> [webpack.Progress] 7% setup compile
<s> [webpack.Progress] 7% setup compile fork-ts-checker-webpack-plugin
Starting type checking service...
<s> [webpack.Progress] 7% setup compile ExternalsPlugin
<s> [webpack.Progress] 7% setup compile
<s> [webpack.Progress] 8% setup compilation
<s> [webpack.Progress] 8% setup compilation CopyPlugin
<s> [webpack.Progress] 8% setup compilation ArrayPushCallbackChunkFormatPlugin
<s> [webpack.Progress] 8% setup compilation JsonpChunkLoadingPlugin
<s> [webpack.Progress] 8% setup compilation StartupChunkDependenciesPlugin
<s> [webpack.Progress] 8% setup compilation ImportScriptsChunkLoadingPlugin
<s> [webpack.Progress] 8% setup compilation FetchCompileWasmPlugin
<s> [webpack.Progress] 8% setup compilation FetchCompileAsyncWasmPlugin
<s> [webpack.Progress] 8% setup compilation WorkerPlugin
<s> [webpack.Progress] 8% setup compilation SplitChunksPlugin
<s> [webpack.Progress] 8% setup compilation RuntimeChunkPlugin
<s> [webpack.Progress] 8% setup compilation ResolverCachePlugin
<s> [webpack.Progress] 8% setup compilation HtmlWebpackPlugin
<s> [webpack.Progress] 8% setup compilation
<s> [webpack.Progress] 9% setup compilation
<s> [webpack.Progress] 9% setup compilation AnyComponentStyleBudgetChecker
<s> [webpack.Progress] 9% setup compilation DedupeModuleResolvePlugin
<s> [webpack.Progress] 9% setup compilation DefinePlugin
<s> [webpack.Progress] 9% setup compilation ProgressPlugin
<s> [webpack.Progress] 9% setup compilation ChunkPrefetchPreloadPlugin
<s> [webpack.Progress] 9% setup compilation SourceMapDevToolPlugin
<s> [webpack.Progress] 9% setup compilation JavascriptModulesPlugin
<s> [webpack.Progress] 9% setup compilation JsonModulesPlugin
<s> [webpack.Progress] 9% setup compilation AssetModulesPlugin
<s> [webpack.Progress] 9% setup compilation EntryPlugin
<s> [webpack.Progress] 9% setup compilation EntryPlugin
<s> [webpack.Progress] 9% setup compilation EntryPlugin
<s> [webpack.Progress] 9% setup compilation EntryPlugin
<s> [webpack.Progress] 9% setup compilation EntryPlugin
<s> [webpack.Progress] 9% setup compilation EntryPlugin
<s> [webpack.Progress] 9% setup compilation EntryPlugin
<s> [webpack.Progress] 9% setup compilation EntryPlugin
<s> [webpack.Progress] 9% setup compilation EntryPlugin
<s> [webpack.Progress] 9% setup compilation EntryPlugin
<s> [webpack.Progress] 9% setup compilation EntryPlugin
<s> [webpack.Progress] 9% setup compilation EntryPlugin
<s> [webpack.Progress] 9% setup compilation EntryPlugin
<s> [webpack.Progress] 9% setup compilation EntryPlugin
<s> [webpack.Progress] 9% setup compilation EntryPlugin
<s> [webpack.Progress] 9% setup compilation RuntimePlugin
<s> [webpack.Progress] 9% setup compilation InferAsyncModulesPlugin
<s> [webpack.Progress] 9% setup compilation DataUriPlugin
<s> [webpack.Progress] 9% setup compilation FileUriPlugin
<s> [webpack.Progress] 9% setup compilation CompatibilityPlugin
<s> [webpack.Progress] 9% setup compilation HarmonyModulesPlugin
<s> [webpack.Progress] 9% setup compilation AMDPlugin
<s> [webpack.Progress] 9% setup compilation RequireJsStuffPlugin
<s> [webpack.Progress] 9% setup compilation CommonJsPlugin
<s> [webpack.Progress] 9% setup compilation LoaderPlugin
<s> [webpack.Progress] 9% setup compilation LoaderPlugin
<s> [webpack.Progress] 9% setup compilation NodeStuffPlugin
<s> [webpack.Progress] 9% setup compilation APIPlugin
<s> [webpack.Progress] 9% setup compilation ExportsInfoApiPlugin
<s> [webpack.Progress] 9% setup compilation WebpackIsIncludedPlugin
<s> [webpack.Progress] 9% setup compilation ConstPlugin
<s> [webpack.Progress] 9% setup compilation UseStrictPlugin
<s> [webpack.Progress] 9% setup compilation RequireIncludePlugin
<s> [webpack.Progress] 9% setup compilation RequireEnsurePlugin
<s> [webpack.Progress] 9% setup compilation RequireContextPlugin
<s> [webpack.Progress] 9% setup compilation ImportPlugin
<s> [webpack.Progress] 9% setup compilation SystemPlugin
<s> [webpack.Progress] 9% setup compilation ImportMetaPlugin
<s> [webpack.Progress] 9% setup compilation URLPlugin
<s> [webpack.Progress] 9% setup compilation DefaultStatsFactoryPlugin
<s> [webpack.Progress] 9% setup compilation DefaultStatsPresetPlugin
<s> [webpack.Progress] 9% setup compilation DefaultStatsPrinterPlugin
<s> [webpack.Progress] 9% setup compilation JavascriptMetaInfoPlugin
<s> [webpack.Progress] 9% setup compilation EnsureChunkConditionsPlugin
<s> [webpack.Progress] 9% setup compilation RemoveEmptyChunksPlugin
<s> [webpack.Progress] 9% setup compilation MergeDuplicateChunksPlugin
<s> [webpack.Progress] 9% setup compilation FlagIncludedChunksPlugin
<s> [webpack.Progress] 9% setup compilation SideEffectsFlagPlugin
<s> [webpack.Progress] 9% setup compilation FlagDependencyExportsPlugin
<s> [webpack.Progress] 9% setup compilation FlagDependencyUsagePlugin
<s> [webpack.Progress] 9% setup compilation InnerGraphPlugin
<s> [webpack.Progress] 9% setup compilation MangleExportsPlugin
<s> [webpack.Progress] 9% setup compilation ModuleConcatenationPlugin
<s> [webpack.Progress] 9% setup compilation NoEmitOnErrorsPlugin
<s> [webpack.Progress] 9% setup compilation RealContentHashPlugin
<s> [webpack.Progress] 9% setup compilation WasmFinalizeExportsPlugin
<s> [webpack.Progress] 9% setup compilation DeterministicModuleIdsPlugin
<s> [webpack.Progress] 9% setup compilation DeterministicChunkIdsPlugin
<s> [webpack.Progress] 9% setup compilation DefinePlugin
<s> [webpack.Progress] 9% setup compilation TerserPlugin
<s> [webpack.Progress] 9% setup compilation TemplatedPathPlugin
<s> [webpack.Progress] 9% setup compilation RecordIdsPlugin
<s> [webpack.Progress] 9% setup compilation WarnCaseSensitiveModulesPlugin
<s> [webpack.Progress] 9% setup compilation IgnoreWarningsPlugin
<s> [webpack.Progress] 9% setup compilation
<s> [webpack.Progress] 10% building
<s> [webpack.Progress] 10% building 0/1 entries 0/0 dependencies 0/0 modules
<s> [webpack.Progress] 10% building import loader ./node_modules/babel-loader/lib/index.js
<s> [webpack.Progress] 10% building 0/15 entries 3/15 dependencies 0/3 modules
<s> [webpack.Progress] 10% building import loader ./node_modules/style-loader/dist/cjs.js
<s> [webpack.Progress] 10% building import loader ./node_modules/css-loader/dist/cjs.js
<s> [webpack.Progress] 10% building import loader ./node_modules/postcss-loader/dist/cjs.js
<s> [webpack.Progress] 10% building 0/15 entries 11/15 dependencies 0/11 modules
<s> [webpack.Progress] 13% building 1/15 entries 47/90 dependencies 7/42 modules
<s> [webpack.Progress] 13% building import loader ./node_modules/ts-loader/index.js
<s> [webpack.Progress] 13% building import loader ./node_modules/@storybook/angular/dist/ts3.9/server/ngx-template-loader/index.js
<s> [webpack.Progress] 13% building import loader ./node_modules/@storybook/source-loader/dist/cjs/index.js
<s> [webpack.Progress] 13% building 1/15 entries 142/220 dependencies 14/91 modules
<s> [webpack.Progress] 17% building 2/15 entries 142/220 dependencies 14/91 modules
<s> [webpack.Progress] 17% building 2/15 entries 500/563 dependencies 17/229 modules
[BABEL] Note: The code generator has deoptimised the styling of /home/gabriel/Frameworks/frameworks-voting/frameworks-voting/node_modules/prettier/standalone.js as it exceeds the max of 500KB.
<s> [webpack.Progress] 17% building 2/15 entries 747/887 dependencies 24/271 modules
<s> [webpack.Progress] 17% building 2/15 entries 1358/1500 dependencies 106/367 modules
<s> [webpack.Progress] 17% building 2/15 entries 1998/2200 dependencies 279/491 modules
<s> [webpack.Progress] 17% building 2/15 entries 2929/3000 dependencies 370/798 modules
<s> [webpack.Progress] 17% building 2/15 entries 3700/3783 dependencies 645/940 modules
<s> [webpack.Progress] 19% building 2/15 entries 4427/4465 dependencies 900/1137 modules
<s> [webpack.Progress] 22% building 3/15 entries 4938/4974 dependencies 1115/1245 modules
<s> [webpack.Progress] 24% building 4/15 entries 4938/4974 dependencies 1116/1245 modules
<s> [webpack.Progress] 28% building 5/15 entries 4938/4974 dependencies 1117/1245 modules
<s> [webpack.Progress] 32% building 6/15 entries 4938/4974 dependencies 1118/1245 modules
<s> [webpack.Progress] 35% building 7/15 entries 4938/4974 dependencies 1119/1245 modules
<s> [webpack.Progress] 39% building 8/15 entries 4938/4974 dependencies 1120/1245 modules
<s> [webpack.Progress] 42% building 9/15 entries 4938/4974 dependencies 1121/1245 modules
<s> [webpack.Progress] 46% building 10/15 entries 4938/4974 dependencies 1122/1245 modules
<s> [webpack.Progress] 50% building 11/15 entries 4938/4974 dependencies 1123/1245 modules
<s> [webpack.Progress] 53% building 12/15 entries 5470/5483 dependencies 1360/1394 modules
<s> [webpack.Progress] 57% building 13/15 entries 5491/5491 dependencies 1386/1405 modules
<s> [webpack.Progress] 61% building 14/15 entries 5491/5491 dependencies 1387/1405 modules
<s> [webpack.Progress] 65% building 15/15 entries 5495/5495 dependencies 1405/1405 modules
<s> [webpack.Progress] 65% building
<s> [webpack.Progress] 69% building finish
<s> [webpack.Progress] 69% building finish
<s> [webpack.Progress] 70% sealing finish module graph
<s> [webpack.Progress] 70% sealing finish module graph ResolverCachePlugin
<s> [webpack.Progress] 70% sealing finish module graph InferAsyncModulesPlugin
<s> [webpack.Progress] 70% sealing finish module graph FlagDependencyExportsPlugin
<s> [webpack.Progress] 70% sealing finish module graph InnerGraphPlugin
<s> [webpack.Progress] 70% sealing finish module graph WasmFinalizeExportsPlugin
<s> [webpack.Progress] 70% sealing finish module graph
<s> [webpack.Progress] 70% sealing plugins
<s> [webpack.Progress] 70% sealing plugins WarnCaseSensitiveModulesPlugin
<s> [webpack.Progress] 70% sealing plugins
<s> [webpack.Progress] 71% sealing dependencies optimization
<s> [webpack.Progress] 71% sealing dependencies optimization SideEffectsFlagPlugin
<s> [webpack.Progress] 71% sealing dependencies optimization FlagDependencyUsagePlugin
<s> [webpack.Progress] 71% sealing dependencies optimization
<s> [webpack.Progress] 71% sealing after dependencies optimization
<s> [webpack.Progress] 71% sealing after dependencies optimization
<s> [webpack.Progress] 72% sealing chunk graph
<s> [webpack.Progress] 72% sealing chunk graph
<s> [webpack.Progress] 73% sealing after chunk graph
<s> [webpack.Progress] 73% sealing after chunk graph
<s> [webpack.Progress] 73% sealing optimizing
<s> [webpack.Progress] 73% sealing optimizing
<s> [webpack.Progress] 74% sealing module optimization
<s> [webpack.Progress] 74% sealing module optimization
<s> [webpack.Progress] 75% sealing after module optimization
<s> [webpack.Progress] 75% sealing after module optimization
<s> [webpack.Progress] 75% sealing chunk optimization
<s> [webpack.Progress] 75% sealing chunk optimization EnsureChunkConditionsPlugin
<s> [webpack.Progress] 75% sealing chunk optimization RemoveEmptyChunksPlugin
<s> [webpack.Progress] 75% sealing chunk optimization MergeDuplicateChunksPlugin
<s> [webpack.Progress] 75% sealing chunk optimization SplitChunksPlugin
<s> [webpack.Progress] 75% sealing chunk optimization RemoveEmptyChunksPlugin
<s> [webpack.Progress] 75% sealing chunk optimization
<s> [webpack.Progress] 76% sealing after chunk optimization
<s> [webpack.Progress] 76% sealing after chunk optimization
<s> [webpack.Progress] 77% sealing module and chunk tree optimization
<s> [webpack.Progress] 77% sealing module and chunk tree optimization PersistentChildCompilerSingletonPlugin
<s> [webpack.Progress] 77% sealing module and chunk tree optimization
<s> [webpack.Progress] 77% sealing after module and chunk tree optimization
<s> [webpack.Progress] 77% sealing after module and chunk tree optimization
<s> [webpack.Progress] 78% sealing chunk modules optimization
<s> [webpack.Progress] 78% sealing chunk modules optimization ModuleConcatenationPlugin
<s> [webpack.Progress] 78% sealing chunk modules optimization
<s> [webpack.Progress] 78% sealing after chunk modules optimization
<s> [webpack.Progress] 78% sealing after chunk modules optimization
<s> [webpack.Progress] 79% sealing module reviving
<s> [webpack.Progress] 79% sealing module reviving RecordIdsPlugin
<s> [webpack.Progress] 79% sealing module reviving
<s> [webpack.Progress] 80% sealing before module ids
<s> [webpack.Progress] 80% sealing before module ids
<s> [webpack.Progress] 80% sealing module ids
<s> [webpack.Progress] 80% sealing module ids DeterministicModuleIdsPlugin
<s> [webpack.Progress] 80% sealing module ids
<s> [webpack.Progress] 81% sealing module id optimization
<s> [webpack.Progress] 81% sealing module id optimization
<s> [webpack.Progress] 82% sealing module id optimization
<s> [webpack.Progress] 82% sealing module id optimization
<s> [webpack.Progress] 82% sealing chunk reviving
<s> [webpack.Progress] 82% sealing chunk reviving RecordIdsPlugin
<s> [webpack.Progress] 82% sealing chunk reviving
<s> [webpack.Progress] 83% sealing before chunk ids
<s> [webpack.Progress] 83% sealing before chunk ids
<s> [webpack.Progress] 84% sealing chunk ids
<s> [webpack.Progress] 84% sealing chunk ids DeterministicChunkIdsPlugin
<s> [webpack.Progress] 84% sealing chunk ids
<s> [webpack.Progress] 84% sealing chunk id optimization
<s> [webpack.Progress] 84% sealing chunk id optimization FlagIncludedChunksPlugin
<s> [webpack.Progress] 84% sealing chunk id optimization
<s> [webpack.Progress] 85% sealing after chunk id optimization
<s> [webpack.Progress] 85% sealing after chunk id optimization
<s> [webpack.Progress] 86% sealing record modules
<s> [webpack.Progress] 86% sealing record modules RecordIdsPlugin
<s> [webpack.Progress] 86% sealing record modules
<s> [webpack.Progress] 86% sealing record chunks
<s> [webpack.Progress] 86% sealing record chunks RecordIdsPlugin
<s> [webpack.Progress] 86% sealing record chunks
<s> [webpack.Progress] 87% sealing module hashing
<s> [webpack.Progress] 87% sealing module hashing
<s> [webpack.Progress] 87% sealing code generation
<s> [webpack.Progress] 87% sealing code generation
<s> [webpack.Progress] 88% sealing runtime requirements
<s> [webpack.Progress] 88% sealing runtime requirements
<s> [webpack.Progress] 89% sealing hashing
<s> [webpack.Progress] 89% sealing hashing
<s> [webpack.Progress] 89% sealing after hashing
<s> [webpack.Progress] 89% sealing after hashing
<s> [webpack.Progress] 90% sealing record hash
<s> [webpack.Progress] 90% sealing record hash
<s> [webpack.Progress] 91% sealing module assets processing
<s> [webpack.Progress] 91% sealing module assets processing
<s> [webpack.Progress] 91% sealing chunk assets processing
<s> [webpack.Progress] 91% sealing chunk assets processing
<s> [webpack.Progress] 92% sealing asset processing
<s> [webpack.Progress] 92% sealing asset processing copy-webpack-plugin
<s> [webpack.Progress] 92% sealing asset processing PersistentChildCompilerSingletonPlugin
<s> [webpack.Progress] 92% sealing asset processing TerserPlugin
<s> [webpack.Progress] 92% sealing asset processing SourceMapDevToolPlugin
<s> [webpack.Progress] 92% sealing asset processing SourceMapDevToolPlugin
<s> [webpack.Progress] 92% sealing asset processing SourceMapDevToolPlugin main.6674f86c.iframe.bundle.js generate SourceMap
<s> [webpack.Progress] 92% sealing asset processing SourceMapDevToolPlugin main.6674f86c.iframe.bundle.js generated SourceMap
<s> [webpack.Progress] 92% sealing asset processing SourceMapDevToolPlugin runtime~main.6e779a0a.iframe.bundle.js generate SourceMap
<s> [webpack.Progress] 92% sealing asset processing SourceMapDevToolPlugin runtime~main.6e779a0a.iframe.bundle.js generated SourceMap
<s> [webpack.Progress] 92% sealing asset processing SourceMapDevToolPlugin 90.44acb13b.iframe.bundle.js generate SourceMap
<s> [webpack.Progress] 92% sealing asset processing SourceMapDevToolPlugin 90.44acb13b.iframe.bundle.js generated SourceMap
<s> [webpack.Progress] 92% sealing asset processing SourceMapDevToolPlugin 913.d4fe3d27.iframe.bundle.js generate SourceMap
<s> [webpack.Progress] 92% sealing asset processing SourceMapDevToolPlugin 913.d4fe3d27.iframe.bundle.js generated SourceMap
<s> [webpack.Progress] 92% sealing asset processing SourceMapDevToolPlugin 881.3d1f8b40.iframe.bundle.js generate SourceMap
<s> [webpack.Progress] 92% sealing asset processing SourceMapDevToolPlugin 881.3d1f8b40.iframe.bundle.js generated SourceMap
<s> [webpack.Progress] 92% sealing asset processing SourceMapDevToolPlugin 459.348d56b1.iframe.bundle.js generate SourceMap
<s> [webpack.Progress] 92% sealing asset processing SourceMapDevToolPlugin 459.348d56b1.iframe.bundle.js generated SourceMap
<s> [webpack.Progress] 92% sealing asset processing SourceMapDevToolPlugin 331.c08b2907.iframe.bundle.js generate SourceMap
<s> [webpack.Progress] 92% sealing asset processing SourceMapDevToolPlugin 331.c08b2907.iframe.bundle.js generated SourceMap
<s> [webpack.Progress] 92% sealing asset processing SourceMapDevToolPlugin 813.1c8229b9.iframe.bundle.js generate SourceMap
<s> [webpack.Progress] 92% sealing asset processing SourceMapDevToolPlugin 813.1c8229b9.iframe.bundle.js generated SourceMap
<s> [webpack.Progress] 92% sealing asset processing SourceMapDevToolPlugin resolve sources
<s> [webpack.Progress] 92% sealing asset processing SourceMapDevToolPlugin main.6674f86c.iframe.bundle.js attach SourceMap
<s> [webpack.Progress] 92% sealing asset processing SourceMapDevToolPlugin main.6674f86c.iframe.bundle.js attached SourceMap
<s> [webpack.Progress] 92% sealing asset processing SourceMapDevToolPlugin runtime~main.6e779a0a.iframe.bundle.js attach SourceMap
<s> [webpack.Progress] 92% sealing asset processing SourceMapDevToolPlugin runtime~main.6e779a0a.iframe.bundle.js attached SourceMap
<s> [webpack.Progress] 92% sealing asset processing SourceMapDevToolPlugin 90.44acb13b.iframe.bundle.js attach SourceMap
<s> [webpack.Progress] 92% sealing asset processing SourceMapDevToolPlugin 90.44acb13b.iframe.bundle.js attached SourceMap
<s> [webpack.Progress] 92% sealing asset processing SourceMapDevToolPlugin 913.d4fe3d27.iframe.bundle.js attach SourceMap
<s> [webpack.Progress] 92% sealing asset processing SourceMapDevToolPlugin 913.d4fe3d27.iframe.bundle.js attached SourceMap
<s> [webpack.Progress] 92% sealing asset processing SourceMapDevToolPlugin 881.3d1f8b40.iframe.bundle.js attach SourceMap
<s> [webpack.Progress] 92% sealing asset processing SourceMapDevToolPlugin 881.3d1f8b40.iframe.bundle.js attached SourceMap
<s> [webpack.Progress] 92% sealing asset processing SourceMapDevToolPlugin 459.348d56b1.iframe.bundle.js attach SourceMap
<s> [webpack.Progress] 92% sealing asset processing SourceMapDevToolPlugin 459.348d56b1.iframe.bundle.js attached SourceMap
<s> [webpack.Progress] 92% sealing asset processing SourceMapDevToolPlugin 331.c08b2907.iframe.bundle.js attach SourceMap
<s> [webpack.Progress] 92% sealing asset processing SourceMapDevToolPlugin 331.c08b2907.iframe.bundle.js attached SourceMap
<s> [webpack.Progress] 92% sealing asset processing SourceMapDevToolPlugin 813.1c8229b9.iframe.bundle.js attach SourceMap
<s> [webpack.Progress] 92% sealing asset processing SourceMapDevToolPlugin 813.1c8229b9.iframe.bundle.js attached SourceMap
<s> [webpack.Progress] 92% sealing asset processing SourceMapDevToolPlugin
<s> [webpack.Progress] 92% sealing asset processing SourceMapDevToolPlugin
<s> [webpack.Progress] 92% sealing asset processing SourceMapDevToolPlugin resolve sources
<s> [webpack.Progress] 92% sealing asset processing SourceMapDevToolPlugin
<s> [webpack.Progress] 92% sealing asset processing HtmlWebpackPlugin
<s> [webpack.Progress] 92% sealing asset processing HtmlWebpackPlugin
<s> [webpack.Progress] 92% sealing asset processing HtmlWebpackPlugin resolve sources
<s> [webpack.Progress] 92% sealing asset processing HtmlWebpackPlugin
<s> [webpack.Progress] 92% sealing asset processing RealContentHashPlugin
<s> [webpack.Progress] 92% sealing asset processing RealContentHashPlugin
<s> [webpack.Progress] 92% sealing asset processing RealContentHashPlugin resolve sources
<s> [webpack.Progress] 92% sealing asset processing RealContentHashPlugin
<s> [webpack.Progress] 92% sealing asset processing AnyComponentStyleBudgetChecker
<s> [webpack.Progress] 92% sealing asset processing
<s> [webpack.Progress] 93% sealing after asset optimization
<s> [webpack.Progress] 93% sealing after asset optimization
<s> [webpack.Progress] 93% sealing recording
<s> [webpack.Progress] 93% sealing recording
<s> [webpack.Progress] 94% sealing after seal
<s> [webpack.Progress] 94% sealing after seal
<s> [webpack.Progress] 95% emitting emit
<s> [webpack.Progress] 95% emitting emit fork-ts-checker-webpack-plugin
<s> [webpack.Progress] 95% emitting emit
<s> [webpack.Progress] 98% emitting after emit
<s> [webpack.Progress] 98% emitting after emit SizeLimitsPlugin
<s> [webpack.Progress] 98% emitting after emit
<s> [webpack.Progress] 99% done plugins
<s> [webpack.Progress] 99% done plugins CaseSensitivePathsPlugin
<s> [webpack.Progress] 99% done plugins fork-ts-checker-webpack-plugin
<s> [webpack.Progress] 99% done plugins fork-ts-checker-webpack-plugin
<s> [webpack.Progress] 99% done plugins
<s> [webpack.Progress] 99% 

<s> [webpack.Progress] 99% cache store build dependencies
<s> [webpack.Progress] 99% cache store build dependencies
<s> [webpack.Progress] 99% cache begin idle
<s> [webpack.Progress] 99% cache begin idle
<s> [webpack.Progress] 100% 

info => Preview built (30 s)
WARN System.import() is deprecated and will be removed soon. Use import() instead.
WARN For more info visit https://webpack.js.org/guides/code-splitting/
WARN System.import() is deprecated and will be removed soon. Use import() instead.
WARN For more info visit https://webpack.js.org/guides/code-splitting/
WARN asset size limit: The following asset(s) exceed the recommended size limit (244 KiB).
WARN This can impact web performance.
WARN Assets: 
WARN   813.bec1cc80.iframe.bundle.js (3.85 MiB)
WARN entrypoint size limit: The following entrypoint(s) combined asset size exceeds the recommended limit (244 KiB). This can impact web performance.
WARN Entrypoints:
WARN   main (3.93 MiB)
WARN       runtime~main.198eebb7.iframe.bundle.js
WARN       813.bec1cc80.iframe.bundle.js
WARN       main.a3c41174.iframe.bundle.js
WARN 
info => Output directory: /tmp/chromatic--28984-hh9FkeeuT0qB
